<?xml version="1.0" encoding="UTF-8"?>
<!-- Generated by org.testng.reporters.JUnitReportReporter -->
<testsuite hostname="DESKTOP-JV1F9UA" failures="0" tests="1" name="api.api.ReqResAPITest" time="5.351" errors="0" timestamp="2025-05-19T15:22:45 IST" skipped="0">
  <testcase classname="api.api.ReqResAPITest" name="validateUserListPage2" time="5.351"/>
</testsuite> <!-- api.api.ReqResAPITest -->
